<?xml version="1.0" encoding="UTF-8"?>
<!-- Generated by org.testng.reporters.JUnitReportReporter -->
<testsuite hostname="DESKTOP-6NLN9VT" failures="0" tests="1" name="com.bridgelabz_qa_Automation.Validating_Page_Test" time="1.982" errors="0" timestamp="2023-02-03T19:21:07 IST" skipped="0">
  <testcase classname="com.bridgelabz_qa_Automation.Validating_Page_Test" name="create_new_account_is_display" time="1.982"/>
  <system-out/>
</testsuite> <!-- com.bridgelabz_qa_Automation.Validating_Page_Test -->
