<?xml version="1.0" encoding="UTF-8"?>
<!-- Generated by org.testng.reporters.JUnitReportReporter -->
<testsuite hostname="DESKTOP-6NLN9VT" failures="0" tests="1" name="com.bridgelabz_qa_Automation.Actions_Class_Method" time="6.646" errors="0" timestamp="2023-02-01T15:09:15 IST" skipped="0">
  <testcase classname="com.bridgelabz_qa_Automation.Actions_Class_Method" name="drag_And_Drop" time="6.646"/>
  <system-out/>
</testsuite> <!-- com.bridgelabz_qa_Automation.Actions_Class_Method -->
