<?xml version="1.0" encoding="UTF-8"?>
<!-- Generated by org.testng.reporters.JUnitReportReporter -->
<testsuite hostname="DESKTOP-6NLN9VT" failures="0" tests="1" name="com.bridgelabz_qa_Automation.Mouse_And_Keyboard_Operation_Robot_Class_Test" time="8.036" errors="0" timestamp="2023-01-31T12:34:30 IST" skipped="0">
  <testcase classname="com.bridgelabz_qa_Automation.Mouse_And_Keyboard_Operation_Robot_Class_Test" name="mouse_and_Keyboard_Operations" time="8.036"/>
  <system-out/>
</testsuite> <!-- com.bridgelabz_qa_Automation.Mouse_And_Keyboard_Operation_Robot_Class_Test -->
