<?xml version="1.0" encoding="UTF-8"?>
<!-- Generated by org.testng.reporters.JUnitReportReporter -->
<testsuite hostname="DESKTOP-6NLN9VT" failures="0" tests="1" name="com.bridgelabz_qa_Automation.Popup_Handling_Test" time="8.276" errors="0" timestamp="2023-02-08T12:24:00 IST" skipped="0">
  <testcase classname="com.bridgelabz_qa_Automation.Popup_Handling_Test" name="FileDownload_WithChrome" time="8.276"/>
  <system-out/>
</testsuite> <!-- com.bridgelabz_qa_Automation.Popup_Handling_Test -->
