<?xml version="1.0" encoding="UTF-8"?>
<!-- Generated by org.testng.reporters.JUnitReportReporter -->
<testsuite hostname="DESKTOP-6NLN9VT" failures="0" tests="1" name="com.bridgelabz_qa_Automation.Webelement_Interface_Method" time="5.029" errors="0" timestamp="2023-02-07T11:27:30 IST" skipped="0">
  <testcase classname="com.bridgelabz_qa_Automation.Webelement_Interface_Method" name="webelement_Click_Method" time="5.029"/>
  <system-out/>
</testsuite> <!-- com.bridgelabz_qa_Automation.Webelement_Interface_Method -->
