<?xml version="1.0" encoding="UTF-8"?>
<!-- Generated by org.testng.reporters.JUnitReportReporter -->
<testsuite hostname="DESKTOP-6NLN9VT" failures="0" tests="1" name="com.bridgelabz_qa_Automation.Capturing_Screenshot_Test" time="22.188" errors="0" timestamp="2023-01-21T14:58:58 IST" skipped="0">
  <testcase classname="com.bridgelabz_qa_Automation.Capturing_Screenshot_Test" name="screenshort" time="22.188"/>
  <system-out/>
</testsuite> <!-- com.bridgelabz_qa_Automation.Capturing_Screenshot_Test -->
