<?xml version="1.0" encoding="UTF-8"?>
<!-- Generated by org.testng.reporters.JUnitReportReporter -->
<testsuite hostname="DESKTOP-6NLN9VT" failures="0" tests="1" name="com.bridgelabz_qa_Automation.TESTNG" time="2.292" errors="0" timestamp="2023-02-14T10:41:37 IST" skipped="0">
  <testcase classname="com.bridgelabz_qa_Automation.TESTNG" name="testNg" time="2.292"/>
  <system-out/>
</testsuite> <!-- com.bridgelabz_qa_Automation.TESTNG -->
