<?xml version="1.0" encoding="UTF-8"?>
<!-- Generated by org.testng.reporters.JUnitReportReporter -->
<testsuite hostname="DESKTOP-6NLN9VT" failures="0" tests="1" name="com.bridgelabz_qa_Automation.FindElement_Test" time="1.165" errors="0" timestamp="2023-02-07T15:11:03 IST" skipped="0">
  <testcase classname="com.bridgelabz_qa_Automation.FindElement_Test" name="count_Of_Webtable" time="1.165"/>
  <system-out/>
</testsuite> <!-- com.bridgelabz_qa_Automation.FindElement_Test -->
