<?xml version="1.0" encoding="UTF-8"?>
<!-- Generated by org.testng.reporters.JUnitReportReporter -->
<testsuite hostname="DESKTOP-6NLN9VT" failures="0" tests="1" name="com.bridgelabz_qa_Automation.Handaling_Popup__Test" time="12.465" errors="0" timestamp="2023-02-08T20:11:20 IST" skipped="0">
  <testcase classname="com.bridgelabz_qa_Automation.Handaling_Popup__Test" name="file_Download_Using_Firefox" time="12.465"/>
  <system-out/>
</testsuite> <!-- com.bridgelabz_qa_Automation.Handaling_Popup__Test -->
