<?xml version="1.0" encoding="UTF-8"?>
<!-- Generated by org.testng.reporters.JUnitReportReporter -->
<testsuite hostname="DESKTOP-6NLN9VT" failures="0" tests="1" name="com.bridgelabz_qa_Automation.JavaScript_Execution_Test" time="6.632" errors="0" timestamp="2023-01-31T16:01:48 IST" skipped="0">
  <testcase classname="com.bridgelabz_qa_Automation.JavaScript_Execution_Test" name="enter_Text_Into_Disabled_Field" time="6.632"/>
  <system-out/>
</testsuite> <!-- com.bridgelabz_qa_Automation.JavaScript_Execution_Test -->
