<?xml version="1.0" encoding="UTF-8"?>
<!-- Generated by org.testng.reporters.JUnitReportReporter -->
<testsuite hostname="DESKTOP-6NLN9VT" failures="0" tests="1" name="com.bridgelabz_qa_Automation.Locators_Test" time="3.657" errors="0" timestamp="2023-02-07T11:42:29 IST" skipped="0">
  <testcase classname="com.bridgelabz_qa_Automation.Locators_Test" name="locators_Signup" time="3.657"/>
  <system-out/>
</testsuite> <!-- com.bridgelabz_qa_Automation.Locators_Test -->
