<?xml version="1.0" encoding="UTF-8"?>
<!-- Generated by org.testng.reporters.JUnitReportReporter -->
<testsuite hostname="DESKTOP-6NLN9VT" failures="0" tests="1" name="com.bridgelabz_qa_Automation.Drop_Down_Handling" time="8.213" errors="0" timestamp="2023-02-08T16:01:04 IST" skipped="0">
  <testcase classname="com.bridgelabz_qa_Automation.Drop_Down_Handling" name="auto_Suggestion_Googlesearch" time="8.213"/>
  <system-out/>
</testsuite> <!-- com.bridgelabz_qa_Automation.Drop_Down_Handling -->
