<?xml version="1.0" encoding="UTF-8"?>
<!-- Generated by org.testng.reporters.JUnitReportReporter -->
<testsuite hostname="DESKTOP-6NLN9VT" failures="0" tests="1" name="com.bridgelabz_qa_Automation.Handling_Frames_Test" time="8.672" errors="0" timestamp="2023-01-31T19:00:02 IST" skipped="0">
  <testcase classname="com.bridgelabz_qa_Automation.Handling_Frames_Test" name="frame_Handling_Test" time="8.672"/>
  <system-out/>
</testsuite> <!-- com.bridgelabz_qa_Automation.Handling_Frames_Test -->
